WARNING - 10-44-46.000:
    Feature 'Default' in 'FitnessMachine' will be skipped because it is suppressed!
WARNING - 10-44-46.000:
    Feature 'Initial_Position_Setting' in 'FitnessMachine' will be skipped because it is suppressed!
WARNING - 10-44-46.000:
    Feature 'Folder2___EndTag___' in 'FitnessMachine' will be skipped because it is suppressed!
WARNING - 10-44-46.000:
    Feature 'Mate_Config1' in 'FitnessMachine' will be skipped because it is suppressed!
WARNING - 10-44-46.000:
    Feature 'Coincident01' in 'FitnessMachine' will be skipped because it is suppressed!
WARNING - 10-44-46.000:
    Feature 'Coincident02' in 'FitnessMachine' will be skipped because it is suppressed!
WARNING - 10-44-46.000:
    Feature 'Coincident03' in 'FitnessMachine' will be skipped because it is suppressed!
WARNING - 10-44-46.000:
    Feature 'Coincident04' in 'FitnessMachine' will be skipped because it is suppressed!
WARNING - 10-44-46.000:
    Feature 'Coincident05' in 'FitnessMachine' will be skipped because it is suppressed!
WARNING - 10-44-46.000:
    Feature 'Coincident06' in 'FitnessMachine' will be skipped because it is suppressed!
WARNING - 10-44-46.000:
    Feature 'Coincident07' in 'FitnessMachine' will be skipped because it is suppressed!
WARNING - 10-44-46.000:
    Feature 'Coincident08' in 'FitnessMachine' will be skipped because it is suppressed!
WARNING - 10-44-46.000:
    Feature 'Coincident09' in 'FitnessMachine' will be skipped because it is suppressed!
WARNING - 10-44-46.000:
    Feature 'Coincident10' in 'FitnessMachine' will be skipped because it is suppressed!
WARNING - 10-44-46.000:
    Feature 'Coincident11' in 'FitnessMachine' will be skipped because it is suppressed!
WARNING - 10-44-46.000:
    Feature 'Coincident12' in 'FitnessMachine' will be skipped because it is suppressed!
WARNING - 10-44-46.000:
    Feature 'Coincident13' in 'FitnessMachine' will be skipped because it is suppressed!
WARNING - 10-44-46.000:
    Feature 'Coincident14' in 'FitnessMachine' will be skipped because it is suppressed!
WARNING - 10-44-46.000:
    Feature 'Coincident15' in 'FitnessMachine' will be skipped because it is suppressed!
WARNING - 10-44-46.000:
    Feature 'Coincident16' in 'FitnessMachine' will be skipped because it is suppressed!
WARNING - 10-44-46.000:
    Feature 'Concentric01' in 'FitnessMachine' will be skipped because it is suppressed!
WARNING - 10-44-46.000:
    Feature 'Concentric02' in 'FitnessMachine' will be skipped because it is suppressed!
WARNING - 10-44-46.000:
    Feature 'Concentric03' in 'FitnessMachine' will be skipped because it is suppressed!
WARNING - 10-44-46.000:
    Feature 'Concentric04' in 'FitnessMachine' will be skipped because it is suppressed!
WARNING - 10-44-46.000:
    Feature 'Concentric05' in 'FitnessMachine' will be skipped because it is suppressed!
WARNING - 10-44-46.000:
    Feature 'Concentric06' in 'FitnessMachine' will be skipped because it is suppressed!
WARNING - 10-44-46.000:
    Feature 'Concentric07' in 'FitnessMachine' will be skipped because it is suppressed!
WARNING - 10-44-46.000:
    Feature 'Concentric08' in 'FitnessMachine' will be skipped because it is suppressed!
WARNING - 10-44-46.000:
    Feature 'Concentric09' in 'FitnessMachine' will be skipped because it is suppressed!
WARNING - 10-44-46.000:
    Feature 'Concentric10' in 'FitnessMachine' will be skipped because it is suppressed!
WARNING - 10-44-46.000:
    Feature 'Concentric11' in 'FitnessMachine' will be skipped because it is suppressed!
WARNING - 10-44-46.000:
    Feature 'Concentric12' in 'FitnessMachine' will be skipped because it is suppressed!
WARNING - 10-44-46.000:
    Feature 'Concentric13' in 'FitnessMachine' will be skipped because it is suppressed!
WARNING - 10-44-46.000:
    Feature 'Concentric14' in 'FitnessMachine' will be skipped because it is suppressed!
WARNING - 10-44-46.000:
    Feature 'Concentric15' in 'FitnessMachine' will be skipped because it is suppressed!
WARNING - 10-44-46.000:
    Feature 'Concentric16' in 'FitnessMachine' will be skipped because it is suppressed!
WARNING - 10-44-46.000:
    Feature 'Concentric17' in 'FitnessMachine' will be skipped because it is suppressed!
WARNING - 10-44-46.000:
    Feature 'Concentric18' in 'FitnessMachine' will be skipped because it is suppressed!
WARNING - 10-44-46.000:
    Feature 'Concentric19' in 'FitnessMachine' will be skipped because it is suppressed!
WARNING - 10-44-46.000:
    Feature 'Folder2___EndTag___' in 'FitnessMachine' will be skipped because it is suppressed!
WARNING - 10-44-46.000:
    Feature 'Mate_Config2' in 'FitnessMachine' will be skipped because it is suppressed!
WARNING - 10-44-46.000:
    Feature 'Coincident_MainBase' in 'FitnessMachine' will be skipped because it is suppressed!
WARNING - 10-44-46.000:
    Feature 'Coincident_MainCylinder' in 'FitnessMachine' will be skipped because it is suppressed!
WARNING - 10-44-46.000:
    Feature 'Concentric_MainCylinder' in 'FitnessMachine' will be skipped because it is suppressed!
WARNING - 10-44-46.000:
    Feature 'Concentric_Handle_Right' in 'FitnessMachine' will be skipped because it is suppressed!
WARNING - 10-44-46.000:
    Feature 'Coincident_Handle_Right' in 'FitnessMachine' will be skipped because it is suppressed!
WARNING - 10-44-46.000:
    Feature 'Concentric_Handle_Left' in 'FitnessMachine' will be skipped because it is suppressed!
WARNING - 10-44-46.000:
    Feature 'Coincident_Handle_Left' in 'FitnessMachine' will be skipped because it is suppressed!
WARNING - 10-44-46.000:
    Feature 'Concentric_V_Beam_Back_Right' in 'FitnessMachine' will be skipped because it is suppressed!
WARNING - 10-44-46.000:
    Feature 'Coincident_V_Beam_Back_Right' in 'FitnessMachine' will be skipped because it is suppressed!
WARNING - 10-44-46.000:
    Feature 'Concentric_V_Beam_Front_Right' in 'FitnessMachine' will be skipped because it is suppressed!
WARNING - 10-44-46.000:
    Feature 'Coincident_V_Beam_Front_Right' in 'FitnessMachine' will be skipped because it is suppressed!
WARNING - 10-44-46.000:
    Feature 'Concentric_V_Beam_Back_Left' in 'FitnessMachine' will be skipped because it is suppressed!
WARNING - 10-44-46.000:
    Feature 'Coincident_V_Beam_Back_Left' in 'FitnessMachine' will be skipped because it is suppressed!
WARNING - 10-44-46.000:
    Feature 'Concentric_V_Beam_Front_Left' in 'FitnessMachine' will be skipped because it is suppressed!
WARNING - 10-44-46.000:
    Feature 'Coincident_V_Beam_Front_Left' in 'FitnessMachine' will be skipped because it is suppressed!
WARNING - 10-44-46.000:
    Feature 'Concentric_H_Beam_Small_Right' in 'FitnessMachine' will be skipped because it is suppressed!
WARNING - 10-44-46.000:
    Feature 'Coincident_H_Beam_Small_Right' in 'FitnessMachine' will be skipped because it is suppressed!
WARNING - 10-44-46.000:
    Feature 'Concentric_H_Beam_Small_Left' in 'FitnessMachine' will be skipped because it is suppressed!
WARNING - 10-44-46.000:
    Feature 'Coincident_H_Beam_Small_Left' in 'FitnessMachine' will be skipped because it is suppressed!
WARNING - 10-44-46.000:
    Feature 'Coincident_Pedal_Left' in 'FitnessMachine' will be skipped because it is suppressed!
WARNING - 10-44-46.000:
    Feature 'Coincident_Pedal_Right' in 'FitnessMachine' will be skipped because it is suppressed!
WARNING - 10-44-46.000:
    Feature 'Concentric_H_Beam_Bottom_Right' in 'FitnessMachine' will be skipped because it is suppressed!
WARNING - 10-44-46.000:
    Feature 'Coincident_H_Beam_Bottom_Right' in 'FitnessMachine' will be skipped because it is suppressed!
WARNING - 10-44-46.000:
    Feature 'Concentric_H_Beam_Bottom_Left' in 'FitnessMachine' will be skipped because it is suppressed!
WARNING - 10-44-46.000:
    Feature 'Coincident_H_Beam_Bottom_Left' in 'FitnessMachine' will be skipped because it is suppressed!
WARNING - 10-44-46.000:
    Feature 'Concentric_H_Beam_Bottom_Right_2' in 'FitnessMachine' will be skipped because it is suppressed!
WARNING - 10-44-46.000:
    Feature 'Concentric_H_Beam_Bottom_Left_2' in 'FitnessMachine' will be skipped because it is suppressed!
WARNING - 10-44-46.000:
    Feature 'Concentric_H_Beam_Small_Right_2' in 'FitnessMachine' will be skipped because it is suppressed!
WARNING - 10-44-46.000:
    Feature 'Concentric_H_Beam_Small_Left_2' in 'FitnessMachine' will be skipped because it is suppressed!
WARNING - 10-44-46.000:
    Feature 'Concentric_H_Beam_Middle_Right' in 'FitnessMachine' will be skipped because it is suppressed!
WARNING - 10-44-46.000:
    Feature 'Coincident_H_Beam_Middle_Right' in 'FitnessMachine' will be skipped because it is suppressed!
WARNING - 10-44-46.000:
    Feature 'Concentric_H_Beam_Middle_Left' in 'FitnessMachine' will be skipped because it is suppressed!
WARNING - 10-44-46.000:
    Feature 'Coincident_H_Beam_Middle_Left' in 'FitnessMachine' will be skipped because it is suppressed!
WARNING - 10-44-46.000:
    Feature 'Concentric_MainCylinder_2' in 'FitnessMachine' will be skipped because it is suppressed!
WARNING - 10-44-46.000:
    Feature 'Concentric_MainCylinder_3' in 'FitnessMachine' will be skipped because it is suppressed!
WARNING - 10-44-46.000:
    Feature 'Folder1___EndTag___' in 'FitnessMachine' will be skipped because it is suppressed!
WarningCount: 77
ErrorCount: 0
 